2026-06-03 02:40:05.964: [INFO] VisibilityChanged: 0
2026-06-03 02:40:05.980: [INFO] RecordSyncInitDuration has_sync_been_enabled: 0 state: 0
2026-06-03 02:40:05.981: [INFO] RecordSyncInitDuration has_sync_been_enabled: 0 state: 0
2026-06-03 02:40:05.982: [INFO] RecordSyncInitDuration has_sync_been_enabled: 0 state: 0
2026-06-03 02:40:05.983: [INFO] RecordSyncInitDuration has_sync_been_enabled: 0 state: 0
2026-06-03 02:40:05.984: [INFO] RecordSyncInitDuration has_sync_been_enabled: 0 state: 0
2026-06-03 02:40:05.984: [INFO] RecordSyncInitDuration has_sync_been_enabled: 0 state: 0
2026-06-03 02:40:05.985: [INFO] RecordSyncInitDuration has_sync_been_enabled: 0 state: 0
2026-06-03 02:40:05.986: [INFO] RecordSyncInitDuration has_sync_been_enabled: 0 state: 0
2026-06-03 02:40:05.987: [INFO] RecordSyncInitDuration has_sync_been_enabled: 0 state: 0
2026-06-03 02:40:05.988: [INFO] RecordSyncInitDuration has_sync_been_enabled: 0 state: 0
2026-06-03 02:40:05.989: [INFO] RecordSyncInitDuration has_sync_been_enabled: 0 state: 0
2026-06-03 02:40:05.989: [INFO] RecordSyncInitDuration has_sync_been_enabled: 0 state: 0
2026-06-03 02:40:06.006: [INFO] BookmarkModelLoaded, ids_reassigned: 0
2026-06-03 02:40:06.006: [INFO] OnDoneLoading sync enabled: 0
2026-06-03 02:40:06.078: [INFO] RecordSyncInitDuration has_sync_been_enabled: 0 state: 0
2026-06-03 02:40:08.623: [INFO] BookmarkNodeAdded, ABU: 0
2026-06-03 02:40:08.624: [INFO] BookmarkNodeAdded, ABU: 0
2026-06-03 02:40:08.624: [INFO] BookmarkNodeAdded, ABU: 0
2026-06-03 02:40:08.625: [INFO] BookmarkNodeAdded, ABU: 0
2026-06-03 02:40:08.625: [INFO] BookmarkNodeAdded, ABU: 0
2026-06-03 02:40:08.626: [INFO] BookmarkNodeAdded, ABU: 0
2026-06-03 02:40:08.626: [INFO] BookmarkNodeAdded, ABU: 0
2026-06-03 02:40:08.627: [INFO] BookmarkNodeAdded, ABU: 0
